c:\users\danve\documents\visual studio 2013\projects\2d smash demo\2d smash demo\debug\vc120.pdb
c:\users\danve\documents\visual studio 2013\projects\2d smash demo\2d smash demo\debug\vc120.idb
c:\users\danve\documents\visual studio 2013\projects\2d smash demo\2d smash demo\debug\main.obj
c:\users\danve\documents\visual studio 2013\projects\2d smash demo\2d smash demo\debug\texturemanager.obj
c:\users\danve\dropbox\2d smash demo\2d smash demo\debug\vc120.pdb
c:\users\danve\dropbox\2d smash demo\2d smash demo\debug\vc120.idb
c:\users\danve\dropbox\2d smash demo\2d smash demo\debug\game.obj
c:\users\danve\dropbox\2d smash demo\2d smash demo\debug\introscreen.obj
c:\users\danve\dropbox\2d smash demo\2d smash demo\debug\main.obj
c:\users\danve\dropbox\2d smash demo\2d smash demo\debug\resourceloader.obj
c:\users\danve\dropbox\2d smash demo\2d smash demo\debug\resourcemanager.obj
c:\users\danve\dropbox\2d smash demo\2d smash demo\debug\soundmanager.obj
c:\users\danve\dropbox\2d smash demo\2d smash demo\debug\mainmenu.obj
c:\users\danve\documents\visual studio 2013\projects\2d smash demo\2d smash demo\debug\game.obj
c:\users\danve\documents\visual studio 2013\projects\2d smash demo\2d smash demo\debug\introscreen.obj
c:\users\danve\documents\visual studio 2013\projects\2d smash demo\2d smash demo\debug\mainmenu.obj
c:\users\danve\documents\visual studio 2013\projects\2d smash demo\2d smash demo\debug\resourcemanager.obj
c:\users\danve\documents\visual studio 2013\projects\2d smash demo\2d smash demo\debug\soundmanager.obj
c:\users\danve\documents\visual studio 2013\projects\2d smash demo\2d smash demo\debug\resourceloader.obj
c:\users\danve\documents\visual studio 2013\projects\2d smash demo\2d smash demo\debug\box2dtest.obj
c:\users\danve\documents\visual studio 2013\projects\2d smash demo\2d smash demo\debug\box2dtesting.obj
c:\users\danve\dropbox\2d smash demo\debug\2d smash demo.ilk
c:\users\danve\dropbox\2d smash demo\debug\2d smash demo.exe
c:\users\danve\dropbox\2d smash demo\debug\2d smash demo.pdb
c:\users\danve\documents\visual studio 2013\projects\2d smash demo\debug\2d smash demo.ilk
c:\users\danve\documents\visual studio 2013\projects\2d smash demo\debug\2d smash demo.exe
c:\users\danve\documents\visual studio 2013\projects\2d smash demo\debug\2d smash demo.pdb
c:\users\danve\documents\visual studio 2013\projects\2d smash demo\2d smash demo\debug\textureloader.obj
c:\users\danve\documents\visual studio 2013\projects\2d smash demo\2d smash demo\debug\2d smash demo.tlog\cl.command.1.tlog
c:\users\danve\documents\visual studio 2013\projects\2d smash demo\2d smash demo\debug\2d smash demo.tlog\cl.read.1.tlog
c:\users\danve\documents\visual studio 2013\projects\2d smash demo\2d smash demo\debug\2d smash demo.tlog\cl.write.1.tlog
c:\users\danve\documents\visual studio 2013\projects\2d smash demo\2d smash demo\debug\2d smash demo.tlog\link.command.1.tlog
c:\users\danve\documents\visual studio 2013\projects\2d smash demo\2d smash demo\debug\2d smash demo.tlog\link.read.1.tlog
c:\users\danve\documents\visual studio 2013\projects\2d smash demo\2d smash demo\debug\2d smash demo.tlog\link.write.1.tlog
